Looking for git in: git
Using git 2.25.1 from git
> git rev-parse --git-dir
Open repository: /home/harriskhan/butterfly-finder
> git status -z -u
> git check-ignore -v -z --stdin
> git symbolic-ref --short HEAD
> git for-each-ref --format=%(refname)%00%(upstream:short)%00%(objectname)%00%(upstream:track) refs/heads/main refs/remotes/main
> git for-each-ref --sort -committerdate --format %(refname) %(objectname) %(*objectname)
> git remote --verbose
Warning: Failed to watch ref '/home/harriskhan/butterfly-finder/.git/refs/remotes/origin/main', is most likely packed.
> git config --get commit.template
> git show --textconv :src/styles.css
> git ls-files --stage -- /home/harriskhan/butterfly-finder/src/styles.css
> git cat-file -s 970989a5a244768c7b60f99743d916a40dbd80ac
> git show --textconv :src/index.js
> git ls-files --stage -- /home/harriskhan/butterfly-finder/src/index.js
> git cat-file -s ac494bfb5a09f727a8e0341b19ab7485456d194f
> git show --textconv :index.html
> git ls-files --stage -- /home/harriskhan/butterfly-finder/index.html
> git cat-file -s 9994fc922eecb3fd2f36317477fbd27f145b95be
> git show --textconv :src/index.js
> git ls-files --stage -- /home/harriskhan/butterfly-finder/src/index.js
> git cat-file -s ac494bfb5a09f727a8e0341b19ab7485456d194f
