[2021-07-13 11:28:36.512] [exthost] [info] extension host started
[2021-07-13 11:28:36.593] [exthost] [info] ExtensionService#_doActivateExtension vscode.typescript-language-features {"startup":false,"extensionId":{"value":"vscode.typescript-language-features","_lower":"vscode.typescript-language-features"},"activationEvent":"onLanguage:javascript"}
[2021-07-13 11:28:36.597] [exthost] [info] ExtensionService#loadCommonJSModule file:///home/harriskhan/.vscode-server/bin/507ce72a4466fbb27b715c3722558bb15afa9f48/extensions/typescript-language-features/dist/extension
[2021-07-13 11:28:36.644] [exthost] [info] ExtensionService#_doActivateExtension vscode.debug-auto-launch {"startup":true,"extensionId":{"value":"vscode.debug-auto-launch","_lower":"vscode.debug-auto-launch"},"activationEvent":"*"}
[2021-07-13 11:28:36.644] [exthost] [info] ExtensionService#loadCommonJSModule file:///home/harriskhan/.vscode-server/bin/507ce72a4466fbb27b715c3722558bb15afa9f48/extensions/debug-auto-launch/dist/extension
[2021-07-13 11:28:36.649] [exthost] [info] ExtensionService#_doActivateExtension vscode.git {"startup":true,"extensionId":{"value":"vscode.github","_lower":"vscode.github"},"activationEvent":"*"}
[2021-07-13 11:28:36.649] [exthost] [info] ExtensionService#loadCommonJSModule file:///home/harriskhan/.vscode-server/bin/507ce72a4466fbb27b715c3722558bb15afa9f48/extensions/git/dist/main
[2021-07-13 11:28:37.206] [exthost] [info] ExtensionService#_doActivateExtension vscode.github {"startup":true,"extensionId":{"value":"vscode.github","_lower":"vscode.github"},"activationEvent":"*"}
[2021-07-13 11:28:37.209] [exthost] [info] ExtensionService#loadCommonJSModule file:///home/harriskhan/.vscode-server/bin/507ce72a4466fbb27b715c3722558bb15afa9f48/extensions/github/dist/extension.js
[2021-07-13 11:28:37.449] [exthost] [info] ExtensionService#_doActivateExtension vscode.emmet {"startup":false,"extensionId":{"value":"vscode.emmet","_lower":"vscode.emmet"},"activationEvent":"onStartupFinished"}
[2021-07-13 11:28:37.449] [exthost] [info] ExtensionService#loadCommonJSModule file:///home/harriskhan/.vscode-server/bin/507ce72a4466fbb27b715c3722558bb15afa9f48/extensions/emmet/dist/node/emmetNodeMain
[2021-07-13 11:28:37.545] [exthost] [info] ExtensionService#_doActivateExtension vscode.merge-conflict {"startup":false,"extensionId":{"value":"vscode.merge-conflict","_lower":"vscode.merge-conflict"},"activationEvent":"onStartupFinished"}
[2021-07-13 11:28:37.546] [exthost] [info] ExtensionService#loadCommonJSModule file:///home/harriskhan/.vscode-server/bin/507ce72a4466fbb27b715c3722558bb15afa9f48/extensions/merge-conflict/dist/mergeConflictMain
[2021-07-13 11:28:37.567] [exthost] [info] ExtensionService#_doActivateExtension vscode.testing-editor-contributions {"startup":false,"extensionId":{"value":"vscode.testing-editor-contributions","_lower":"vscode.testing-editor-contributions"},"activationEvent":"onStartupFinished"}
[2021-07-13 11:28:37.567] [exthost] [info] ExtensionService#loadCommonJSModule file:///home/harriskhan/.vscode-server/bin/507ce72a4466fbb27b715c3722558bb15afa9f48/extensions/testing-editor-contributions/dist/extension.js
[2021-07-13 11:28:37.581] [exthost] [info] eager extensions activated
[2021-07-13 11:28:37.613] [exthost] [info] ExtensionService#_doActivateExtension ms-vscode.js-debug {"startup":false,"extensionId":{"value":"ms-vscode.js-debug","_lower":"ms-vscode.js-debug"},"activationEvent":"onCommand:extension.js-debug.clearAutoAttachVariables"}
[2021-07-13 11:28:37.613] [exthost] [info] ExtensionService#loadCommonJSModule file:///home/harriskhan/.vscode-server/bin/507ce72a4466fbb27b715c3722558bb15afa9f48/extensions/ms-vscode.js-debug/src/extension.js
[2021-07-13 11:28:41.923] [exthost] [info] ExtensionService#_doActivateExtension vscode.extension-editing {"startup":false,"extensionId":{"value":"vscode.extension-editing","_lower":"vscode.extension-editing"},"activationEvent":"onLanguage:typescript"}
[2021-07-13 11:28:41.924] [exthost] [info] ExtensionService#loadCommonJSModule file:///home/harriskhan/.vscode-server/bin/507ce72a4466fbb27b715c3722558bb15afa9f48/extensions/extension-editing/dist/extensionEditingMain
[2021-07-13 11:32:46.156] [exthost] [info] ExtensionService#_doActivateExtension vscode.html-language-features {"startup":false,"extensionId":{"value":"vscode.html-language-features","_lower":"vscode.html-language-features"},"activationEvent":"onLanguage:html"}
[2021-07-13 11:32:46.156] [exthost] [info] ExtensionService#loadCommonJSModule file:///home/harriskhan/.vscode-server/bin/507ce72a4466fbb27b715c3722558bb15afa9f48/extensions/html-language-features/client/dist/node/htmlClientMain
