Looking for git in: git
Using git 2.25.1 from git
> git rev-parse --git-dir
Open repository: /home/harriskhan/react-hooks-npm-lab
> git status -z -u
> git symbolic-ref --short HEAD
> git for-each-ref --format=%(refname)%00%(upstream:short)%00%(objectname)%00%(upstream:track) refs/heads/main refs/remotes/main
> git for-each-ref --sort -committerdate --format %(refname) %(objectname) %(*objectname)
> git remote --verbose
Warning: Failed to watch ref '/home/harriskhan/react-hooks-npm-lab/.git/refs/remotes/origin/main', is most likely packed.
> git config --get commit.template
> git check-ignore -v -z --stdin
> git check-ignore -v -z --stdin
> git show --textconv :color-clock/index.html
> git ls-files --stage -- /home/harriskhan/react-hooks-npm-lab/color-clock/index.html
> git cat-file -s 82209e9fe8bee6400d5aee7757ce1a918d14b75c
> git show --textconv :color-clock/index.js
> git ls-files --stage -- /home/harriskhan/react-hooks-npm-lab/color-clock/index.js
> git cat-file -s ff53ce8423c437fb463711ab433e9d53705fc2ae
> git check-ignore -v -z --stdin
> git check-ignore -v -z --stdin
> git check-ignore -v -z --stdin
> git status -z -u
> git symbolic-ref --short HEAD
> git for-each-ref --format=%(refname)%00%(upstream:short)%00%(objectname)%00%(upstream:track) refs/heads/main refs/remotes/main
> git for-each-ref --sort -committerdate --format %(refname) %(objectname) %(*objectname)
> git remote --verbose
Warning: Failed to watch ref '/home/harriskhan/react-hooks-npm-lab/.git/refs/remotes/origin/main', is most likely packed.
> git config --get commit.template
> git show --textconv :color-clock/package.json
> git ls-files --stage -- /home/harriskhan/react-hooks-npm-lab/color-clock/package.json
> git log --format=%H%n%aN%n%aE%n%at%n%ct%n%P%n%B -z -n21 -- /home/harriskhan/react-hooks-npm-lab/color-clock/package.json
> git status -z -u
> git symbolic-ref --short HEAD
> git for-each-ref --format=%(refname)%00%(upstream:short)%00%(objectname)%00%(upstream:track) refs/heads/main refs/remotes/main
> git for-each-ref --sort -committerdate --format %(refname) %(objectname) %(*objectname)
> git remote --verbose
Warning: Failed to watch ref '/home/harriskhan/react-hooks-npm-lab/.git/refs/remotes/origin/main', is most likely packed.
> git config --get commit.template
> git check-ignore -v -z --stdin
> git check-ignore -v -z --stdin
> git status -z -u
> git symbolic-ref --short HEAD
> git for-each-ref --format=%(refname)%00%(upstream:short)%00%(objectname)%00%(upstream:track) refs/heads/main refs/remotes/main
> git for-each-ref --sort -committerdate --format %(refname) %(objectname) %(*objectname)
> git remote --verbose
Warning: Failed to watch ref '/home/harriskhan/react-hooks-npm-lab/.git/refs/remotes/origin/main', is most likely packed.
> git config --get commit.template
> git status -z -u
> git symbolic-ref --short HEAD
> git for-each-ref --format=%(refname)%00%(upstream:short)%00%(objectname)%00%(upstream:track) refs/heads/main refs/remotes/main
> git for-each-ref --sort -committerdate --format %(refname) %(objectname) %(*objectname)
> git remote --verbose
Warning: Failed to watch ref '/home/harriskhan/react-hooks-npm-lab/.git/refs/remotes/origin/main', is most likely packed.
> git config --get commit.template
> git show --textconv :color-clock/package-lock.json
> git ls-files --stage -- /home/harriskhan/react-hooks-npm-lab/color-clock/package-lock.json
> git show --textconv :color-clock/package.json
> git ls-files --stage -- /home/harriskhan/react-hooks-npm-lab/color-clock/package.json
> git status -z -u
> git symbolic-ref --short HEAD
> git for-each-ref --format=%(refname)%00%(upstream:short)%00%(objectname)%00%(upstream:track) refs/heads/main refs/remotes/main
> git for-each-ref --sort -committerdate --format %(refname) %(objectname) %(*objectname)
> git remote --verbose
Warning: Failed to watch ref '/home/harriskhan/react-hooks-npm-lab/.git/refs/remotes/origin/main', is most likely packed.
> git config --get commit.template
> git show --textconv :color-clock/package-lock.json
> git ls-files --stage -- /home/harriskhan/react-hooks-npm-lab/color-clock/package-lock.json
> git show --textconv :color-clock/package.json
> git ls-files --stage -- /home/harriskhan/react-hooks-npm-lab/color-clock/package.json
> git show --textconv :color-clock/package-lock.json
> git ls-files --stage -- /home/harriskhan/react-hooks-npm-lab/color-clock/package-lock.json
> git show --textconv :color-clock/package.json
> git ls-files --stage -- /home/harriskhan/react-hooks-npm-lab/color-clock/package.json
> git show --textconv :color-clock/package-lock.json
> git ls-files --stage -- /home/harriskhan/react-hooks-npm-lab/color-clock/package-lock.json
> git show --textconv :color-clock/index.js
> git ls-files --stage -- /home/harriskhan/react-hooks-npm-lab/color-clock/index.js
> git cat-file -s ff53ce8423c437fb463711ab433e9d53705fc2ae
> git show --textconv :color-clock/package-lock.json
> git ls-files --stage -- /home/harriskhan/react-hooks-npm-lab/color-clock/package-lock.json
> git show --textconv :color-clock/package.json
> git ls-files --stage -- /home/harriskhan/react-hooks-npm-lab/color-clock/package.json
> git status -z -u
> git symbolic-ref --short HEAD
> git for-each-ref --format=%(refname)%00%(upstream:short)%00%(objectname)%00%(upstream:track) refs/heads/main refs/remotes/main
> git for-each-ref --sort -committerdate --format %(refname) %(objectname) %(*objectname)
> git remote --verbose
Warning: Failed to watch ref '/home/harriskhan/react-hooks-npm-lab/.git/refs/remotes/origin/main', is most likely packed.
> git config --get commit.template
> git status -z -u
> git symbolic-ref --short HEAD
> git for-each-ref --format=%(refname)%00%(upstream:short)%00%(objectname)%00%(upstream:track) refs/heads/main refs/remotes/main
> git for-each-ref --sort -committerdate --format %(refname) %(objectname) %(*objectname)
> git remote --verbose
Warning: Failed to watch ref '/home/harriskhan/react-hooks-npm-lab/.git/refs/remotes/origin/main', is most likely packed.
> git config --get commit.template
> git status -z -u
> git symbolic-ref --short HEAD
> git for-each-ref --format=%(refname)%00%(upstream:short)%00%(objectname)%00%(upstream:track) refs/heads/main refs/remotes/main
> git for-each-ref --sort -committerdate --format %(refname) %(objectname) %(*objectname)
> git remote --verbose
Warning: Failed to watch ref '/home/harriskhan/react-hooks-npm-lab/.git/refs/remotes/origin/main', is most likely packed.
> git config --get commit.template
> git status -z -u
> git symbolic-ref --short HEAD
> git for-each-ref --format=%(refname)%00%(upstream:short)%00%(objectname)%00%(upstream:track) refs/heads/main refs/remotes/main
> git for-each-ref --sort -committerdate --format %(refname) %(objectname) %(*objectname)
> git remote --verbose
Warning: Failed to watch ref '/home/harriskhan/react-hooks-npm-lab/.git/refs/remotes/origin/main', is most likely packed.
> git config --get commit.template
> git status -z -u
> git symbolic-ref --short HEAD
> git for-each-ref --format=%(refname)%00%(upstream:short)%00%(objectname)%00%(upstream:track) refs/heads/main refs/remotes/main
> git for-each-ref --sort -committerdate --format %(refname) %(objectname) %(*objectname)
> git remote --verbose
Warning: Failed to watch ref '/home/harriskhan/react-hooks-npm-lab/.git/refs/remotes/origin/main', is most likely packed.
> git config --get commit.template
