0 verbose cli [
0 verbose cli   '/home/harriskhan/.nvm/versions/node/v16.13.0/bin/node',
0 verbose cli   '/home/harriskhan/.nvm/versions/node/v16.13.0/bin/npm',
0 verbose cli   'test'
0 verbose cli ]
1 info using npm@8.1.4
2 info using node@v16.13.0
3 timing npm:load:whichnode Completed in 0ms
4 timing config:load:defaults Completed in 3ms
5 timing config:load:file:/home/harriskhan/.nvm/versions/node/v16.13.0/lib/node_modules/npm/npmrc Completed in 3ms
6 timing config:load:builtin Completed in 3ms
7 timing config:load:cli Completed in 3ms
8 timing config:load:env Completed in 0ms
9 timing config:load:file:/home/harriskhan/react-hooks-children/.npmrc Completed in 1ms
10 timing config:load:project Completed in 3ms
11 timing config:load:file:/home/harriskhan/.npmrc Completed in 0ms
12 timing config:load:user Completed in 0ms
13 timing config:load:file:/home/harriskhan/.nvm/versions/node/v16.13.0/etc/npmrc Completed in 1ms
14 timing config:load:global Completed in 1ms
15 timing config:load:validate Completed in 0ms
16 timing config:load:credentials Completed in 2ms
17 timing config:load:setEnvs Completed in 9ms
18 timing config:load Completed in 24ms
19 timing npm:load:configload Completed in 25ms
20 timing npm:load:setTitle Completed in 0ms
21 timing npm:load:setupLog Completed in 1ms
22 timing config:load:flatten Completed in 6ms
23 timing npm:load:cleanupLog Completed in 4ms
24 timing npm:load:configScope Completed in 0ms
25 timing npm:load:projectScope Completed in 1ms
26 timing npm:load Completed in 41ms
27 timing command:run-script Completed in 11ms
28 timing command:test Completed in 16ms
29 verbose stack Error: Missing script: "test"
29 verbose stack
29 verbose stack To see a list of scripts, run:
29 verbose stack   npm run
29 verbose stack     at RunScript.run (/home/harriskhan/.nvm/versions/node/v16.13.0/lib/node_modules/npm/lib/commands/run-script.js:95:13)
29 verbose stack     at async module.exports (/home/harriskhan/.nvm/versions/node/v16.13.0/lib/node_modules/npm/lib/cli.js:65:5)
30 verbose cwd /home/harriskhan/react-hooks-children
31 verbose Linux 5.10.60.1-microsoft-standard-WSL2
32 verbose argv "/home/harriskhan/.nvm/versions/node/v16.13.0/bin/node" "/home/harriskhan/.nvm/versions/node/v16.13.0/bin/npm" "test"
33 verbose node v16.13.0
34 verbose npm  v8.1.4
35 error Missing script: "test"
35 error
35 error To see a list of scripts, run:
35 error   npm run
36 verbose exit 1
