0 verbose cli [
0 verbose cli   '/home/harriskhan/.nvm/versions/node/v15.14.0/bin/node',
0 verbose cli   '/home/harriskhan/.nvm/versions/node/v15.14.0/bin/npm',
0 verbose cli   'start'
0 verbose cli ]
1 info using npm@7.19.1
2 info using node@v15.14.0
3 timing npm:load:whichnode Completed in 1ms
4 timing config:load:defaults Completed in 3ms
5 timing config:load:file:/home/harriskhan/.nvm/versions/node/v15.14.0/lib/node_modules/npm/npmrc Completed in 3ms
6 timing config:load:builtin Completed in 3ms
7 timing config:load:cli Completed in 3ms
8 timing config:load:env Completed in 1ms
9 timing config:load:file:/home/harriskhan/react-hooks-npm-lab/color-clock/.npmrc Completed in 14ms
10 timing config:load:project Completed in 18ms
11 timing config:load:file:/home/harriskhan/.npmrc Completed in 1ms
12 timing config:load:user Completed in 1ms
13 timing config:load:file:/home/harriskhan/.nvm/versions/node/v15.14.0/etc/npmrc Completed in 0ms
14 timing config:load:global Completed in 0ms
15 timing config:load:validate Completed in 1ms
16 timing config:load:credentials Completed in 2ms
17 timing config:load:setEnvs Completed in 1ms
18 timing config:load Completed in 33ms
19 timing npm:load:configload Completed in 33ms
20 timing npm:load:setTitle Completed in 0ms
21 timing npm:load:setupLog Completed in 3ms
22 timing npm:load:cleanupLog Completed in 3ms
23 timing npm:load:configScope Completed in 0ms
24 timing npm:load:projectScope Completed in 0ms
25 timing npm:load Completed in 41ms
26 timing config:load:flatten Completed in 4ms
27 timing command:run-script Completed in 42ms
28 timing command:start Completed in 46ms
29 verbose stack Error: Missing script: "start"
29 verbose stack
29 verbose stack Did you mean one of these?
29 verbose stack     npm star # Mark your favorite packages
29 verbose stack     npm stars # View packages marked as favorites
29 verbose stack
29 verbose stack To see a list of scripts, run:
29 verbose stack   npm run
29 verbose stack     at RunScript.run (/home/harriskhan/.nvm/versions/node/v15.14.0/lib/node_modules/npm/lib/run-script.js:104:13)
30 verbose cwd /home/harriskhan/react-hooks-npm-lab/color-clock
31 verbose Linux 5.4.72-microsoft-standard-WSL2
32 verbose argv "/home/harriskhan/.nvm/versions/node/v15.14.0/bin/node" "/home/harriskhan/.nvm/versions/node/v15.14.0/bin/npm" "start"
33 verbose node v15.14.0
34 verbose npm  v7.19.1
35 error Missing script: "start"
35 error
35 error Did you mean one of these?
35 error     npm star # Mark your favorite packages
35 error     npm stars # View packages marked as favorites
35 error
35 error To see a list of scripts, run:
35 error   npm run
36 verbose exit 1
