0 verbose cli [
0 verbose cli   '/home/harriskhan/.nvm/versions/node/v15.14.0/bin/node',
0 verbose cli   '/home/harriskhan/.nvm/versions/node/v15.14.0/bin/npm',
0 verbose cli   'test'
0 verbose cli ]
1 info using npm@7.7.6
2 info using node@v15.14.0
3 timing npm:load:whichnode Completed in 1ms
4 timing config:load:defaults Completed in 2ms
5 timing config:load:file:/home/harriskhan/.nvm/versions/node/v15.14.0/lib/node_modules/npm/npmrc Completed in 1ms
6 timing config:load:builtin Completed in 1ms
7 timing config:load:cli Completed in 3ms
8 timing config:load:env Completed in 0ms
9 timing config:load:project Completed in 1ms
10 timing config:load:file:/home/harriskhan/.npmrc Completed in 1ms
11 timing config:load:user Completed in 1ms
12 timing config:load:file:/home/harriskhan/.nvm/versions/node/v15.14.0/etc/npmrc Completed in 4ms
13 timing config:load:global Completed in 4ms
14 timing config:load:validate Completed in 0ms
15 timing config:load:setEnvs Completed in 1ms
16 timing config:load Completed in 13ms
17 timing npm:load:configload Completed in 14ms
18 timing npm:load:setTitle Completed in 0ms
19 timing npm:load:setupLog Completed in 2ms
20 timing npm:load:cleanupLog Completed in 2ms
21 timing npm:load:configScope Completed in 0ms
22 timing npm:load:projectScope Completed in 0ms
23 timing npm:load Completed in 19ms
24 timing config:load:flatten Completed in 2ms
25 timing command:run-script Completed in 2ms
26 timing command:test Completed in 8ms
27 verbose stack Error: Missing script: "test"
27 verbose stack
27 verbose stack To see a list of scripts, run:
27 verbose stack   npm run
27 verbose stack     at RunScript.run (/home/harriskhan/.nvm/versions/node/v15.14.0/lib/node_modules/npm/lib/run-script.js:94:13)
28 verbose cwd /home/harriskhan
29 verbose Linux 5.4.72-microsoft-standard-WSL2
30 verbose argv "/home/harriskhan/.nvm/versions/node/v15.14.0/bin/node" "/home/harriskhan/.nvm/versions/node/v15.14.0/bin/npm" "test"
31 verbose node v15.14.0
32 verbose npm  v7.7.6
33 error Missing script: "test"
33 error
33 error To see a list of scripts, run:
33 error   npm run
34 verbose exit 1
