Looking for git in: git
Using git 2.25.1 from git
> git rev-parse --git-dir
Open repository: /home/harriskhan/react-hooks-react-app-example
> git status -z -u
> git symbolic-ref --short HEAD
> git for-each-ref --format=%(refname)%00%(upstream:short)%00%(objectname)%00%(upstream:track) refs/heads/master refs/remotes/master
> git for-each-ref --sort -committerdate --format %(refname) %(objectname) %(*objectname)
> git remote --verbose
Warning: Failed to watch ref '/home/harriskhan/react-hooks-react-app-example/.git/refs/remotes/origin/master', is most likely packed.
> git config --get commit.template
> git check-ignore -v -z --stdin
> git check-ignore -v -z --stdin
> git show --textconv :src/index.js
> git ls-files --stage -- /home/harriskhan/react-hooks-react-app-example/src/index.js
> git cat-file -s 9314e34802c381a3459748868123714b591a41dc
> git check-ignore -v -z --stdin
> git check-ignore -v -z --stdin
> git show --textconv :public/index.html
> git ls-files --stage -- /home/harriskhan/react-hooks-react-app-example/public/index.html
> git cat-file -s aa069f27cbd9d53394428171c3989fd03db73c76
> git show --textconv :public/manifest.json
> git ls-files --stage -- /home/harriskhan/react-hooks-react-app-example/public/manifest.json
> git cat-file -s 080d6c77ac21bb2ef88a6992b2b73ad93daaca92
> git check-ignore -v -z --stdin
> git check-ignore -v -z --stdin
> git show --textconv :src/index.js
> git ls-files --stage -- /home/harriskhan/react-hooks-react-app-example/src/index.js
> git cat-file -s 9314e34802c381a3459748868123714b591a41dc
> git show --textconv :public/manifest.json
> git ls-files --stage -- /home/harriskhan/react-hooks-react-app-example/public/manifest.json
> git cat-file -s 080d6c77ac21bb2ef88a6992b2b73ad93daaca92
> git show --textconv :src/components/App.js
> git ls-files --stage -- /home/harriskhan/react-hooks-react-app-example/src/components/App.js
> git cat-file -s 7850d4fb4fb5ba51fd3107b9504e20d73940e73d
> git show --textconv :src/components/ExampleComponent.js
> git ls-files --stage -- /home/harriskhan/react-hooks-react-app-example/src/components/ExampleComponent.js
> git cat-file -s 9a00ca70d8c2047fa58d0a22e68c3f12181d89b9
> git show --textconv :src/components/App.js
> git ls-files --stage -- /home/harriskhan/react-hooks-react-app-example/src/components/App.js
> git cat-file -s 7850d4fb4fb5ba51fd3107b9504e20d73940e73d
> git show --textconv :src/components/ExampleComponent.js
> git ls-files --stage -- /home/harriskhan/react-hooks-react-app-example/src/components/ExampleComponent.js
> git cat-file -s 9a00ca70d8c2047fa58d0a22e68c3f12181d89b9
> git show --textconv :src/components/App.js
> git ls-files --stage -- /home/harriskhan/react-hooks-react-app-example/src/components/App.js
> git cat-file -s 7850d4fb4fb5ba51fd3107b9504e20d73940e73d
