Validating found git in: git
Using git 2.25.1 from git
> git rev-parse --git-dir
Open repository: /home/harriskhan/react-hooks-children
> git status -z -u
> git symbolic-ref --short HEAD
> git for-each-ref --format=%(refname)%00%(upstream:short)%00%(objectname)%00%(upstream:track) refs/heads/master refs/remotes/master
> git for-each-ref --sort -committerdate --format %(refname) %(objectname) %(*objectname)
> git remote --verbose
Warning: Failed to watch ref '/home/harriskhan/react-hooks-children/.git/refs/remotes/origin/master', is most likely packed.
> git config --get commit.template
> git check-ignore -v -z --stdin
> git show --textconv :src/components/Container.js
> git ls-files --stage -- /home/harriskhan/react-hooks-children/src/components/Container.js
> git cat-file -s 32263c19bfbda1989f80cebec3248f982f135ed4
> git log --format=%H%n%aN%n%aE%n%at%n%ct%n%P%n%B -z -n21 -- /home/harriskhan/react-hooks-children/src/components/Container.js
> git show --textconv :src/components/App.js
> git ls-files --stage -- /home/harriskhan/react-hooks-children/src/components/App.js
> git cat-file -s 089c75f980ddd66c2cf1d24b42644ffff07e3903
> git show --textconv :src/components/Container.js
> git ls-files --stage -- /home/harriskhan/react-hooks-children/src/components/Container.js
> git cat-file -s 32263c19bfbda1989f80cebec3248f982f135ed4
> git status -z -u
> git symbolic-ref --short HEAD
> git for-each-ref --format=%(refname)%00%(upstream:short)%00%(objectname)%00%(upstream:track) refs/heads/master refs/remotes/master
> git for-each-ref --sort -committerdate --format %(refname) %(objectname) %(*objectname)
> git remote --verbose
Warning: Failed to watch ref '/home/harriskhan/react-hooks-children/.git/refs/remotes/origin/master', is most likely packed.
> git config --get commit.template
> git status -z -u
> git symbolic-ref --short HEAD
> git for-each-ref --format=%(refname)%00%(upstream:short)%00%(objectname)%00%(upstream:track) refs/heads/master refs/remotes/master
> git for-each-ref --sort -committerdate --format %(refname) %(objectname) %(*objectname)
> git remote --verbose
Warning: Failed to watch ref '/home/harriskhan/react-hooks-children/.git/refs/remotes/origin/master', is most likely packed.
> git config --get commit.template
> git show --textconv :src/components/App.js
> git ls-files --stage -- /home/harriskhan/react-hooks-children/src/components/App.js
> git cat-file -s 089c75f980ddd66c2cf1d24b42644ffff07e3903
> git show --textconv :src/components/Container.js
> git ls-files --stage -- /home/harriskhan/react-hooks-children/src/components/Container.js
> git cat-file -s 32263c19bfbda1989f80cebec3248f982f135ed4
> git status -z -u
> git symbolic-ref --short HEAD
> git for-each-ref --format=%(refname)%00%(upstream:short)%00%(objectname)%00%(upstream:track) refs/heads/master refs/remotes/master
> git for-each-ref --sort -committerdate --format %(refname) %(objectname) %(*objectname)
> git remote --verbose
Warning: Failed to watch ref '/home/harriskhan/react-hooks-children/.git/refs/remotes/origin/master', is most likely packed.
> git config --get commit.template
> git show --textconv :src/components/App.js
> git ls-files --stage -- /home/harriskhan/react-hooks-children/src/components/App.js
> git cat-file -s 089c75f980ddd66c2cf1d24b42644ffff07e3903
> git show --textconv :src/components/Container.js
> git ls-files --stage -- /home/harriskhan/react-hooks-children/src/components/Container.js
> git cat-file -s 32263c19bfbda1989f80cebec3248f982f135ed4
> git status -z -u
> git symbolic-ref --short HEAD
> git for-each-ref --format=%(refname)%00%(upstream:short)%00%(objectname)%00%(upstream:track) refs/heads/master refs/remotes/master
> git for-each-ref --sort -committerdate --format %(refname) %(objectname) %(*objectname)
> git remote --verbose
Warning: Failed to watch ref '/home/harriskhan/react-hooks-children/.git/refs/remotes/origin/master', is most likely packed.
> git config --get commit.template
> git ls-files --stage -- /home/harriskhan/react-hooks-children/src/components/Container.js
> git cat-file -s 32263c19bfbda1989f80cebec3248f982f135ed4
> git show --textconv :src/components/Container.js
